<?xml version="1.0" encoding="UTF-8"?>
<!-- Generated by org.testng.reporters.JUnitXMLReporter -->
<testsuite hostname="LAPTOP-VO017NUI" ignored="0" name="Test" tests="1" failures="1" timestamp="2020-05-23T20:55:18 IST" time="5.455" errors="0">
  <testcase name="addNewCustomer" time="5.404" classname="com.bank.testcases.NewCustomerPageTest">
    <failure type="java.lang.NullPointerException">
      <![CDATA[java.lang.NullPointerException
at com.bank.testcases.NewCustomerPageTest.addNewCustomer(NewCustomerPageTest.java:38)
at java.util.ArrayList.forEach(ArrayList.java:1257)
... Removed 27 stack frames]]>
    </failure>
  </testcase> <!-- addNewCustomer -->
</testsuite> <!-- Test -->
