<?xml version="1.0" encoding="UTF-8"?>
<!-- Generated by org.testng.reporters.JUnitXMLReporter -->
<testsuite hostname="LAPTOP-VO017NUI" ignored="1" name="Test" tests="6" failures="1" timestamp="2020-05-22T15:43:58 IST" time="64.771" errors="0">
  <testcase name="loginTest" time="5.506" classname="com.bank.testcases.LoginPageTest01"/>
  <testcase name="loginDDT" time="14.392" classname="com.bank.testcases.LoginPageTest02"/>
  <testcase name="loginDDT" time="4.368" classname="com.bank.testcases.LoginPageTest02">
    <failure type="java.lang.AssertionError" message="expected [GTPL Bank Manager HomePage] but found [GTPL Bank Home Page]">
      <![CDATA[java.lang.AssertionError: expected [GTPL Bank Manager HomePage] but found [GTPL Bank Home Page]
at com.bank.testcases.LoginPageTest02.loginDDT(LoginPageTest02.java:54)
at java.util.ArrayList.forEach(ArrayList.java:1257)
... Removed 32 stack frames]]>
    </failure>
  </testcase> <!-- loginDDT -->
  <testcase name="loginDDT" time="12.285" classname="com.bank.testcases.LoginPageTest02"/>
  <testcase name="loginDDT" time="13.018" classname="com.bank.testcases.LoginPageTest02"/>
  <testcase name="loginDDT" time="14.016" classname="com.bank.testcases.LoginPageTest02"/>
  <testcase name="@BeforeSuite initialization" time="0.0" classname="com.bank.base.BaseTest">
    <ignored/>
  </testcase> <!-- @BeforeSuite initialization -->
</testsuite> <!-- Test -->
