<?xml version="1.0" encoding="UTF-8"?>
<testng-results skipped="0" failed="0" ignored="0" total="1" passed="1">
  <reporter-output>
  </reporter-output>
  <suite name="Default suite" duration-ms="18895" started-at="2020-05-23T21:26:39 IST" finished-at="2020-05-23T21:26:58 IST">
    <groups>
    </groups>
    <test name="Default test" duration-ms="18895" started-at="2020-05-23T21:26:39 IST" finished-at="2020-05-23T21:26:58 IST">
      <class name="com.bank.testcases.NewCustomerPageTest">
        <test-method status="PASS" signature="initialization()[pri:0, instance:com.bank.testcases.NewCustomerPageTest@3fd7a715]" name="initialization" is-config="true" duration-ms="8704" started-at="2020-05-23T21:26:30 IST" finished-at="2020-05-23T21:26:39 IST">
          <reporter-output>
          </reporter-output>
        </test-method> <!-- initialization -->
        <test-method status="PASS" signature="setUp()[pri:0, instance:com.bank.testcases.NewCustomerPageTest@3fd7a715]" name="setUp" is-config="true" duration-ms="26" started-at="2020-05-23T21:26:39 IST" finished-at="2020-05-23T21:26:39 IST">
          <reporter-output>
          </reporter-output>
        </test-method> <!-- setUp -->
        <test-method status="PASS" signature="addNewCustomer()[pri:0, instance:com.bank.testcases.NewCustomerPageTest@3fd7a715]" name="addNewCustomer" duration-ms="18841" started-at="2020-05-23T21:26:39 IST" finished-at="2020-05-23T21:26:58 IST">
          <reporter-output>
          </reporter-output>
        </test-method> <!-- addNewCustomer -->
        <test-method status="PASS" signature="tearDown()[pri:0, instance:com.bank.testcases.NewCustomerPageTest@3fd7a715]" name="tearDown" is-config="true" duration-ms="648" started-at="2020-05-23T21:26:58 IST" finished-at="2020-05-23T21:26:59 IST">
          <reporter-output>
          </reporter-output>
        </test-method> <!-- tearDown -->
      </class> <!-- com.bank.testcases.NewCustomerPageTest -->
    </test> <!-- Default test -->
  </suite> <!-- Default suite -->
</testng-results>
